c:\users\user\source\repos\server\server\x64\debug\server.tlog\servergame\servergame\x64\debug\vc143.pdb
c:\users\user\source\repos\server\server\x64\debug\server.tlog\servergame\servergame\x64\debug\vc143.idb
c:\users\user\source\repos\server\server\x64\debug\server.tlog\servergame\servergame\x64\debug\serversystem.obj
c:\users\user\source\repos\server\server\x64\debug\server.tlog\servergame\servergame\x64\debug\servermain.obj
c:\users\user\source\repos\server\server\x64\debug\server.tlog\servergame\servergame\x64\debug\player&enemy.obj
c:\users\user\source\repos\server\server\x64\debug\server.tlog\servergame\servergame\x64\debug\gamemanager.obj
c:\users\user\source\repos\server\server\x64\debug\server.tlog\servergame\x64\debug\servergame.pdb
c:\users\user\source\repos\server\server\x64\debug\server.tlog\servergame\servergame\x64\debug\servergame.tlog\cl.command.1.tlog
c:\users\user\source\repos\server\server\x64\debug\server.tlog\servergame\servergame\x64\debug\servergame.tlog\cl.read.1.tlog
c:\users\user\source\repos\server\server\x64\debug\server.tlog\servergame\servergame\x64\debug\servergame.tlog\cl.write.1.tlog
c:\users\user\source\repos\server\server\x64\debug\server.tlog\servergame\servergame\x64\debug\servergame.tlog\link-cvtres.read.1.tlog
c:\users\user\source\repos\server\server\x64\debug\server.tlog\servergame\servergame\x64\debug\servergame.tlog\link-cvtres.write.1.tlog
c:\users\user\source\repos\server\server\x64\debug\server.tlog\servergame\servergame\x64\debug\servergame.tlog\link-rc.read.1.tlog
c:\users\user\source\repos\server\server\x64\debug\server.tlog\servergame\servergame\x64\debug\servergame.tlog\link-rc.write.1.tlog
c:\users\user\source\repos\server\server\x64\debug\server.tlog\servergame\servergame\x64\debug\servergame.tlog\link.command.1.tlog
c:\users\user\source\repos\server\server\x64\debug\server.tlog\servergame\servergame\x64\debug\servergame.tlog\link.read.1.tlog
c:\users\user\source\repos\server\server\x64\debug\server.tlog\servergame\servergame\x64\debug\servergame.tlog\link.read.2.tlog
c:\users\user\source\repos\server\server\x64\debug\server.tlog\servergame\servergame\x64\debug\servergame.tlog\link.read.3.tlog
c:\users\user\source\repos\server\server\x64\debug\server.tlog\servergame\servergame\x64\debug\servergame.tlog\link.read.4.tlog
c:\users\user\source\repos\server\server\x64\debug\server.tlog\servergame\servergame\x64\debug\servergame.tlog\link.write.1.tlog
